2018-05-02 01:22 VERBOSE  manager                       Creating new database /config/db-config.sqlite - DO NOT INTERUPT ...
2018-05-02 01:23 INFO     scheduler                     Local timezone name could not be determined. Scheduler will display times in UTC for any logmessages. To resolve this set up /etc/timezone with correct time zone name.
2018-05-02 01:23 INFO     scheduler                     No schedules defined in config. Defaulting to run all tasks on a 1 hour interval.
2018-05-02 01:23 INFO     scheduler                     Starting scheduler
2018-05-02 01:23 INFO     web_server_daemon                 Running web server at IP 0.0.0.0:3539
2018-05-02 01:23 INFO     web_server_daemon                 Initiating API
2018-05-02 01:23 INFO     web_server_daemon                 Registering WebUI v1
2018-05-02 01:23 WARNING  web_server                    No password set for web server, create one by using `flexget web passwd <password>`
2018-05-02 01:23 INFO     web_server                    Web interface available at http://172.26.0.2:3539
2018-05-02 01:27 INFO     scheduler                     Local timezone name could not be determined. Scheduler will display times in UTC for any logmessages. To resolve this set up /etc/timezone with correct time zone name.
2018-05-02 01:27 INFO     scheduler                     No schedules defined in config. Defaulting to run all tasks on a 1 hour interval.
2018-05-02 01:27 INFO     scheduler                     Starting scheduler
2018-05-02 01:27 INFO     web_server_daemon                 Running web server at IP 0.0.0.0:3539
2018-05-02 01:27 INFO     web_server_daemon                 Initiating API
2018-05-02 01:27 INFO     web_server_daemon                 Registering WebUI v1
2018-05-02 01:27 WARNING  web_server                    No password set for web server, create one by using `flexget web passwd <password>`
2018-05-02 01:27 INFO     web_server                    Web interface available at http://172.26.0.2:3539
2018-05-02 02:13 INFO     scheduler                     Local timezone name could not be determined. Scheduler will display times in UTC for any logmessages. To resolve this set up /etc/timezone with correct time zone name.
2018-05-02 02:13 INFO     scheduler                     No schedules defined in config. Defaulting to run all tasks on a 1 hour interval.
2018-05-02 02:13 INFO     scheduler                     Starting scheduler
2018-05-02 02:13 INFO     web_server_daemon                 Running web server at IP 0.0.0.0:3539
2018-05-02 02:13 INFO     web_server_daemon                 Initiating API
2018-05-02 02:13 INFO     web_server_daemon                 Registering WebUI v1
2018-05-02 02:13 WARNING  web_server                    No password set for web server, create one by using `flexget web passwd <password>`
2018-05-02 02:13 INFO     web_server                    Web interface available at http://172.26.0.2:3539
2018-05-02 02:23 INFO     manager       example-task    Running database cleanup.
2018-05-02 02:23 INFO     db_analyze    example-task    Running ANALYZE on database to improve performance.
2018-05-02 02:23 INFO     db_vacuum     example-task    Running VACUUM on database to improve performance and decrease db size.
2018-05-02 02:23 INFO     scheduler     example-task    No schedules defined in config. Defaulting to run all tasks on a 1 hour interval.
2018-05-02 02:23 INFO     web_server    example-task    Shutting down web server
2018-05-02 02:23 INFO     web_server_daemon example-task    Running web server at IP 0.0.0.0:3539
2018-05-02 02:23 INFO     web_server_daemon example-task    Initiating API
2018-05-02 02:23 INFO     web_server_daemon example-task    Registering WebUI v1
2018-05-02 02:23 WARNING  web_server    example-task    No password set for web server, create one by using `flexget web passwd <password>`
2018-05-02 02:23 INFO     web_server                    Web interface available at http://172.26.0.2:3539
2018-05-02 02:23 CRITICAL rss           example-task    RSS Feed example-task (http://example.com/feed.xml) not found
2018-05-02 02:23 WARNING  task          example-task    Aborting task (plugin: rss)
2018-05-02 03:23 CRITICAL rss           example-task    RSS Feed example-task (http://example.com/feed.xml) not found
2018-05-02 03:23 WARNING  task          example-task    Aborting task (plugin: rss)
2018-05-02 04:23 CRITICAL rss           example-task    RSS Feed example-task (http://example.com/feed.xml) not found
2018-05-02 04:23 WARNING  task          example-task    Aborting task (plugin: rss)
2018-05-02 05:23 CRITICAL rss           example-task    RSS Feed example-task (http://example.com/feed.xml) not found
2018-05-02 05:23 WARNING  task          example-task    Aborting task (plugin: rss)
2018-05-02 06:23 CRITICAL rss           example-task    RSS Feed example-task (http://example.com/feed.xml) not found
2018-05-02 06:23 WARNING  task          example-task    Aborting task (plugin: rss)
2018-05-02 07:23 CRITICAL rss           example-task    RSS Feed example-task (http://example.com/feed.xml) not found
2018-05-02 07:23 WARNING  task          example-task    Aborting task (plugin: rss)
2018-05-02 08:23 CRITICAL rss           example-task    RSS Feed example-task (http://example.com/feed.xml) not found
2018-05-02 08:23 WARNING  task          example-task    Aborting task (plugin: rss)
2018-05-02 09:23 CRITICAL rss           example-task    RSS Feed example-task (http://example.com/feed.xml) not found
2018-05-02 09:23 WARNING  task          example-task    Aborting task (plugin: rss)
2018-05-02 10:23 CRITICAL rss           example-task    RSS Feed example-task (http://example.com/feed.xml) not found
2018-05-02 10:23 WARNING  task          example-task    Aborting task (plugin: rss)
2018-05-02 11:23 CRITICAL rss           example-task    RSS Feed example-task (http://example.com/feed.xml) not found
2018-05-02 11:23 WARNING  task          example-task    Aborting task (plugin: rss)
2018-05-02 12:23 CRITICAL rss           example-task    RSS Feed example-task (http://example.com/feed.xml) not found
2018-05-02 12:23 WARNING  task          example-task    Aborting task (plugin: rss)
2018-05-02 13:23 CRITICAL rss           example-task    RSS Feed example-task (http://example.com/feed.xml) not found
2018-05-02 13:23 WARNING  task          example-task    Aborting task (plugin: rss)
2018-05-02 14:23 CRITICAL rss           example-task    RSS Feed example-task (http://example.com/feed.xml) not found
2018-05-02 14:23 WARNING  task          example-task    Aborting task (plugin: rss)
2018-05-02 15:23 CRITICAL rss           example-task    RSS Feed example-task (http://example.com/feed.xml) not found
2018-05-02 15:23 WARNING  task          example-task    Aborting task (plugin: rss)
2018-05-02 16:23 CRITICAL rss           example-task    RSS Feed example-task (http://example.com/feed.xml) not found
2018-05-02 16:23 WARNING  task          example-task    Aborting task (plugin: rss)
2018-05-02 17:23 CRITICAL rss           example-task    RSS Feed example-task (http://example.com/feed.xml) not found
2018-05-02 17:23 WARNING  task          example-task    Aborting task (plugin: rss)
2018-05-02 18:23 CRITICAL rss           example-task    RSS Feed example-task (http://example.com/feed.xml) not found
2018-05-02 18:23 WARNING  task          example-task    Aborting task (plugin: rss)
2018-05-02 19:23 CRITICAL rss           example-task    RSS Feed example-task (http://example.com/feed.xml) not found
2018-05-02 19:23 WARNING  task          example-task    Aborting task (plugin: rss)
2018-05-02 20:23 CRITICAL rss           example-task    RSS Feed example-task (http://example.com/feed.xml) not found
2018-05-02 20:23 WARNING  task          example-task    Aborting task (plugin: rss)
2018-05-02 21:23 CRITICAL rss           example-task    RSS Feed example-task (http://example.com/feed.xml) not found
2018-05-02 21:23 WARNING  task          example-task    Aborting task (plugin: rss)
2018-05-02 22:23 CRITICAL rss           example-task    RSS Feed example-task (http://example.com/feed.xml) not found
2018-05-02 22:23 WARNING  task          example-task    Aborting task (plugin: rss)
2018-05-02 23:23 CRITICAL rss           example-task    RSS Feed example-task (http://example.com/feed.xml) not found
2018-05-02 23:23 WARNING  task          example-task    Aborting task (plugin: rss)
2018-05-03 00:23 CRITICAL rss           example-task    RSS Feed example-task (http://example.com/feed.xml) not found
2018-05-03 00:23 WARNING  task          example-task    Aborting task (plugin: rss)
2018-05-03 01:23 CRITICAL rss           example-task    RSS Feed example-task (http://example.com/feed.xml) not found
2018-05-03 01:23 WARNING  task          example-task    Aborting task (plugin: rss)
2018-05-03 02:23 CRITICAL rss           example-task    RSS Feed example-task (http://example.com/feed.xml) not found
2018-05-03 02:23 WARNING  task          example-task    Aborting task (plugin: rss)
2018-05-03 03:23 CRITICAL rss           example-task    RSS Feed example-task (http://example.com/feed.xml) not found
2018-05-03 03:23 WARNING  task          example-task    Aborting task (plugin: rss)
2018-05-03 04:23 CRITICAL rss           example-task    RSS Feed example-task (http://example.com/feed.xml) not found
2018-05-03 04:23 WARNING  task          example-task    Aborting task (plugin: rss)
2018-05-03 05:23 CRITICAL rss           example-task    RSS Feed example-task (http://example.com/feed.xml) not found
2018-05-03 05:23 WARNING  task          example-task    Aborting task (plugin: rss)
2018-05-03 06:23 CRITICAL rss           example-task    RSS Feed example-task (http://example.com/feed.xml) not found
2018-05-03 06:23 WARNING  task          example-task    Aborting task (plugin: rss)
2018-05-03 07:23 CRITICAL rss           example-task    RSS Feed example-task (http://example.com/feed.xml) not found
2018-05-03 07:23 WARNING  task          example-task    Aborting task (plugin: rss)
2018-05-03 08:23 CRITICAL rss           example-task    RSS Feed example-task (http://example.com/feed.xml) not found
2018-05-03 08:23 WARNING  task          example-task    Aborting task (plugin: rss)
2018-05-03 09:23 CRITICAL rss           example-task    RSS Feed example-task (http://example.com/feed.xml) not found
2018-05-03 09:23 WARNING  task          example-task    Aborting task (plugin: rss)
2018-05-03 10:23 CRITICAL rss           example-task    RSS Feed example-task (http://example.com/feed.xml) not found
2018-05-03 10:23 WARNING  task          example-task    Aborting task (plugin: rss)
2018-05-03 11:23 CRITICAL rss           example-task    RSS Feed example-task (http://example.com/feed.xml) not found
2018-05-03 11:23 WARNING  task          example-task    Aborting task (plugin: rss)
2018-05-03 12:23 CRITICAL rss           example-task    RSS Feed example-task (http://example.com/feed.xml) not found
2018-05-03 12:23 WARNING  task          example-task    Aborting task (plugin: rss)
2018-05-03 13:23 CRITICAL rss           example-task    RSS Feed example-task (http://example.com/feed.xml) not found
2018-05-03 13:23 WARNING  task          example-task    Aborting task (plugin: rss)
2018-05-03 14:23 CRITICAL rss           example-task    RSS Feed example-task (http://example.com/feed.xml) not found
2018-05-03 14:23 WARNING  task          example-task    Aborting task (plugin: rss)
2018-05-03 15:23 CRITICAL rss           example-task    RSS Feed example-task (http://example.com/feed.xml) not found
2018-05-03 15:23 WARNING  task          example-task    Aborting task (plugin: rss)
2018-05-03 16:23 CRITICAL rss           example-task    RSS Feed example-task (http://example.com/feed.xml) not found
2018-05-03 16:23 WARNING  task          example-task    Aborting task (plugin: rss)
2018-05-03 17:23 CRITICAL rss           example-task    RSS Feed example-task (http://example.com/feed.xml) not found
2018-05-03 17:23 WARNING  task          example-task    Aborting task (plugin: rss)
2018-05-03 18:23 CRITICAL rss           example-task    RSS Feed example-task (http://example.com/feed.xml) not found
2018-05-03 18:23 WARNING  task          example-task    Aborting task (plugin: rss)
2018-05-03 19:23 CRITICAL rss           example-task    RSS Feed example-task (http://example.com/feed.xml) not found
2018-05-03 19:23 WARNING  task          example-task    Aborting task (plugin: rss)
2018-05-03 20:23 CRITICAL rss           example-task    RSS Feed example-task (http://example.com/feed.xml) not found
2018-05-03 20:23 WARNING  task          example-task    Aborting task (plugin: rss)
2018-05-03 21:23 CRITICAL rss           example-task    RSS Feed example-task (http://example.com/feed.xml) not found
2018-05-03 21:23 WARNING  task          example-task    Aborting task (plugin: rss)
2018-05-03 22:23 CRITICAL rss           example-task    RSS Feed example-task (http://example.com/feed.xml) not found
2018-05-03 22:23 WARNING  task          example-task    Aborting task (plugin: rss)
2018-05-03 23:23 CRITICAL rss           example-task    RSS Feed example-task (http://example.com/feed.xml) not found
2018-05-03 23:23 WARNING  task          example-task    Aborting task (plugin: rss)
2018-05-04 00:23 CRITICAL rss           example-task    RSS Feed example-task (http://example.com/feed.xml) not found
2018-05-04 00:23 WARNING  task          example-task    Aborting task (plugin: rss)
2018-05-04 01:23 CRITICAL rss           example-task    RSS Feed example-task (http://example.com/feed.xml) not found
2018-05-04 01:23 WARNING  task          example-task    Aborting task (plugin: rss)
2018-05-04 02:23 CRITICAL rss           example-task    RSS Feed example-task (http://example.com/feed.xml) not found
2018-05-04 02:23 WARNING  task          example-task    Aborting task (plugin: rss)
2018-05-04 03:23 CRITICAL rss           example-task    RSS Feed example-task (http://example.com/feed.xml) not found
2018-05-04 03:23 WARNING  task          example-task    Aborting task (plugin: rss)
2018-05-04 04:23 CRITICAL rss           example-task    RSS Feed example-task (http://example.com/feed.xml) not found
2018-05-04 04:23 WARNING  task          example-task    Aborting task (plugin: rss)
2018-05-04 05:23 CRITICAL rss           example-task    RSS Feed example-task (http://example.com/feed.xml) not found
2018-05-04 05:23 WARNING  task          example-task    Aborting task (plugin: rss)
2018-05-04 06:23 CRITICAL rss           example-task    RSS Feed example-task (http://example.com/feed.xml) not found
2018-05-04 06:23 WARNING  task          example-task    Aborting task (plugin: rss)
2018-05-04 07:23 CRITICAL rss           example-task    RSS Feed example-task (http://example.com/feed.xml) not found
2018-05-04 07:23 WARNING  task          example-task    Aborting task (plugin: rss)
2018-05-04 08:23 CRITICAL rss           example-task    RSS Feed example-task (http://example.com/feed.xml) not found
2018-05-04 08:23 WARNING  task          example-task    Aborting task (plugin: rss)
2018-05-04 09:23 CRITICAL rss           example-task    RSS Feed example-task (http://example.com/feed.xml) not found
2018-05-04 09:23 WARNING  task          example-task    Aborting task (plugin: rss)
2018-05-04 10:23 CRITICAL rss           example-task    RSS Feed example-task (http://example.com/feed.xml) not found
2018-05-04 10:23 WARNING  task          example-task    Aborting task (plugin: rss)
2018-05-04 11:23 CRITICAL rss           example-task    RSS Feed example-task (http://example.com/feed.xml) not found
2018-05-04 11:23 WARNING  task          example-task    Aborting task (plugin: rss)
2018-05-04 12:23 CRITICAL rss           example-task    RSS Feed example-task (http://example.com/feed.xml) not found
2018-05-04 12:23 WARNING  task          example-task    Aborting task (plugin: rss)
2018-05-04 13:23 CRITICAL rss           example-task    RSS Feed example-task (http://example.com/feed.xml) not found
2018-05-04 13:23 WARNING  task          example-task    Aborting task (plugin: rss)
2018-05-04 14:23 CRITICAL rss           example-task    RSS Feed example-task (http://example.com/feed.xml) not found
2018-05-04 14:23 WARNING  task          example-task    Aborting task (plugin: rss)
2018-05-04 15:23 CRITICAL rss           example-task    RSS Feed example-task (http://example.com/feed.xml) not found
2018-05-04 15:23 WARNING  task          example-task    Aborting task (plugin: rss)
2018-05-04 16:23 CRITICAL rss           example-task    RSS Feed example-task (http://example.com/feed.xml) not found
2018-05-04 16:23 WARNING  task          example-task    Aborting task (plugin: rss)
2018-05-04 17:23 CRITICAL rss           example-task    RSS Feed example-task (http://example.com/feed.xml) not found
2018-05-04 17:23 WARNING  task          example-task    Aborting task (plugin: rss)
2018-05-04 18:23 CRITICAL rss           example-task    RSS Feed example-task (http://example.com/feed.xml) not found
2018-05-04 18:23 WARNING  task          example-task    Aborting task (plugin: rss)
2018-05-04 19:23 CRITICAL rss           example-task    RSS Feed example-task (http://example.com/feed.xml) not found
2018-05-04 19:23 WARNING  task          example-task    Aborting task (plugin: rss)
2018-05-04 20:23 CRITICAL rss           example-task    RSS Feed example-task (http://example.com/feed.xml) not found
2018-05-04 20:23 WARNING  task          example-task    Aborting task (plugin: rss)
2018-05-04 21:23 CRITICAL rss           example-task    RSS Feed example-task (http://example.com/feed.xml) not found
2018-05-04 21:23 WARNING  task          example-task    Aborting task (plugin: rss)
2018-05-04 22:23 CRITICAL rss           example-task    RSS Feed example-task (http://example.com/feed.xml) not found
2018-05-04 22:23 WARNING  task          example-task    Aborting task (plugin: rss)
2018-05-04 23:23 CRITICAL rss           example-task    RSS Feed example-task (http://example.com/feed.xml) not found
2018-05-04 23:23 WARNING  task          example-task    Aborting task (plugin: rss)
2018-05-05 00:23 CRITICAL rss           example-task    RSS Feed example-task (http://example.com/feed.xml) not found
2018-05-05 00:23 WARNING  task          example-task    Aborting task (plugin: rss)
2018-05-05 01:23 CRITICAL rss           example-task    RSS Feed example-task (http://example.com/feed.xml) not found
2018-05-05 01:23 WARNING  task          example-task    Aborting task (plugin: rss)
2018-05-05 02:23 CRITICAL rss           example-task    RSS Feed example-task (http://example.com/feed.xml) not found
2018-05-05 02:23 WARNING  task          example-task    Aborting task (plugin: rss)
2018-05-05 03:23 CRITICAL rss           example-task    RSS Feed example-task (http://example.com/feed.xml) not found
2018-05-05 03:23 WARNING  task          example-task    Aborting task (plugin: rss)
2018-05-05 04:23 CRITICAL rss           example-task    RSS Feed example-task (http://example.com/feed.xml) not found
2018-05-05 04:23 WARNING  task          example-task    Aborting task (plugin: rss)
2018-05-05 05:23 CRITICAL rss           example-task    RSS Feed example-task (http://example.com/feed.xml) not found
2018-05-05 05:23 WARNING  task          example-task    Aborting task (plugin: rss)
2018-05-05 06:23 CRITICAL rss           example-task    RSS Feed example-task (http://example.com/feed.xml) not found
2018-05-05 06:23 WARNING  task          example-task    Aborting task (plugin: rss)
2018-05-05 07:23 CRITICAL rss           example-task    RSS Feed example-task (http://example.com/feed.xml) not found
2018-05-05 07:23 WARNING  task          example-task    Aborting task (plugin: rss)
2018-05-05 08:23 CRITICAL rss           example-task    RSS Feed example-task (http://example.com/feed.xml) not found
2018-05-05 08:23 WARNING  task          example-task    Aborting task (plugin: rss)
2018-05-05 09:23 CRITICAL rss           example-task    RSS Feed example-task (http://example.com/feed.xml) not found
2018-05-05 09:23 WARNING  task          example-task    Aborting task (plugin: rss)
2018-05-05 10:23 CRITICAL rss           example-task    RSS Feed example-task (http://example.com/feed.xml) not found
2018-05-05 10:23 WARNING  task          example-task    Aborting task (plugin: rss)
2018-05-05 11:23 CRITICAL rss           example-task    RSS Feed example-task (http://example.com/feed.xml) not found
2018-05-05 11:23 WARNING  task          example-task    Aborting task (plugin: rss)
2018-05-05 12:23 CRITICAL rss           example-task    RSS Feed example-task (http://example.com/feed.xml) not found
2018-05-05 12:23 WARNING  task          example-task    Aborting task (plugin: rss)
2018-05-05 13:23 CRITICAL rss           example-task    RSS Feed example-task (http://example.com/feed.xml) not found
2018-05-05 13:23 WARNING  task          example-task    Aborting task (plugin: rss)
2018-05-05 14:23 CRITICAL rss           example-task    RSS Feed example-task (http://example.com/feed.xml) not found
2018-05-05 14:23 WARNING  task          example-task    Aborting task (plugin: rss)
2018-05-05 15:23 CRITICAL rss           example-task    RSS Feed example-task (http://example.com/feed.xml) not found
2018-05-05 15:23 WARNING  task          example-task    Aborting task (plugin: rss)
2018-05-05 16:23 CRITICAL rss           example-task    RSS Feed example-task (http://example.com/feed.xml) not found
2018-05-05 16:23 WARNING  task          example-task    Aborting task (plugin: rss)
2018-05-05 17:23 CRITICAL rss           example-task    RSS Feed example-task (http://example.com/feed.xml) not found
2018-05-05 17:23 WARNING  task          example-task    Aborting task (plugin: rss)
2018-05-05 18:23 CRITICAL rss           example-task    RSS Feed example-task (http://example.com/feed.xml) not found
2018-05-05 18:23 WARNING  task          example-task    Aborting task (plugin: rss)
2018-05-05 19:23 CRITICAL rss           example-task    RSS Feed example-task (http://example.com/feed.xml) not found
2018-05-05 19:23 WARNING  task          example-task    Aborting task (plugin: rss)
2018-05-05 20:23 CRITICAL rss           example-task    RSS Feed example-task (http://example.com/feed.xml) not found
2018-05-05 20:23 WARNING  task          example-task    Aborting task (plugin: rss)
2018-05-05 21:23 CRITICAL rss           example-task    RSS Feed example-task (http://example.com/feed.xml) not found
2018-05-05 21:23 WARNING  task          example-task    Aborting task (plugin: rss)
2018-05-05 22:23 CRITICAL rss           example-task    RSS Feed example-task (http://example.com/feed.xml) not found
2018-05-05 22:23 WARNING  task          example-task    Aborting task (plugin: rss)
2018-05-05 23:23 CRITICAL rss           example-task    RSS Feed example-task (http://example.com/feed.xml) not found
2018-05-05 23:23 WARNING  task          example-task    Aborting task (plugin: rss)
2018-05-06 00:23 CRITICAL rss           example-task    RSS Feed example-task (http://example.com/feed.xml) not found
2018-05-06 00:23 WARNING  task          example-task    Aborting task (plugin: rss)
2018-05-06 01:23 CRITICAL rss           example-task    RSS Feed example-task (http://example.com/feed.xml) not found
2018-05-06 01:23 WARNING  task          example-task    Aborting task (plugin: rss)
2018-05-06 02:23 CRITICAL rss           example-task    RSS Feed example-task (http://example.com/feed.xml) not found
2018-05-06 02:23 WARNING  task          example-task    Aborting task (plugin: rss)
2018-05-06 03:23 CRITICAL rss           example-task    RSS Feed example-task (http://example.com/feed.xml) not found
2018-05-06 03:23 WARNING  task          example-task    Aborting task (plugin: rss)
2018-05-06 04:23 CRITICAL rss           example-task    RSS Feed example-task (http://example.com/feed.xml) not found
2018-05-06 04:23 WARNING  task          example-task    Aborting task (plugin: rss)
2018-05-06 05:23 CRITICAL rss           example-task    RSS Feed example-task (http://example.com/feed.xml) not found
2018-05-06 05:23 WARNING  task          example-task    Aborting task (plugin: rss)
2018-05-06 06:23 CRITICAL rss           example-task    RSS Feed example-task (http://example.com/feed.xml) not found
2018-05-06 06:23 WARNING  task          example-task    Aborting task (plugin: rss)
2018-05-06 07:23 CRITICAL rss           example-task    RSS Feed example-task (http://example.com/feed.xml) not found
2018-05-06 07:23 WARNING  task          example-task    Aborting task (plugin: rss)
2018-05-06 08:23 CRITICAL rss           example-task    RSS Feed example-task (http://example.com/feed.xml) not found
2018-05-06 08:23 WARNING  task          example-task    Aborting task (plugin: rss)
2018-05-06 09:23 CRITICAL rss           example-task    RSS Feed example-task (http://example.com/feed.xml) not found
2018-05-06 09:23 WARNING  task          example-task    Aborting task (plugin: rss)
2018-05-06 10:23 CRITICAL rss           example-task    RSS Feed example-task (http://example.com/feed.xml) not found
2018-05-06 10:23 WARNING  task          example-task    Aborting task (plugin: rss)
2018-05-06 11:23 CRITICAL rss           example-task    RSS Feed example-task (http://example.com/feed.xml) not found
2018-05-06 11:23 WARNING  task          example-task    Aborting task (plugin: rss)
2018-05-06 12:23 CRITICAL rss           example-task    RSS Feed example-task (http://example.com/feed.xml) not found
2018-05-06 12:23 WARNING  task          example-task    Aborting task (plugin: rss)
2018-05-06 13:23 CRITICAL rss           example-task    RSS Feed example-task (http://example.com/feed.xml) not found
2018-05-06 13:23 WARNING  task          example-task    Aborting task (plugin: rss)
2018-05-06 14:23 CRITICAL rss           example-task    RSS Feed example-task (http://example.com/feed.xml) not found
2018-05-06 14:23 WARNING  task          example-task    Aborting task (plugin: rss)
2018-05-06 15:23 CRITICAL rss           example-task    RSS Feed example-task (http://example.com/feed.xml) not found
2018-05-06 15:23 WARNING  task          example-task    Aborting task (plugin: rss)
2018-05-06 16:23 CRITICAL rss           example-task    RSS Feed example-task (http://example.com/feed.xml) not found
2018-05-06 16:23 WARNING  task          example-task    Aborting task (plugin: rss)
2018-05-06 17:23 CRITICAL rss           example-task    RSS Feed example-task (http://example.com/feed.xml) not found
2018-05-06 17:23 WARNING  task          example-task    Aborting task (plugin: rss)
2018-05-06 18:23 CRITICAL rss           example-task    RSS Feed example-task (http://example.com/feed.xml) not found
2018-05-06 18:23 WARNING  task          example-task    Aborting task (plugin: rss)
2018-05-06 19:23 CRITICAL rss           example-task    RSS Feed example-task (http://example.com/feed.xml) not found
2018-05-06 19:23 WARNING  task          example-task    Aborting task (plugin: rss)
2018-05-06 20:23 CRITICAL rss           example-task    RSS Feed example-task (http://example.com/feed.xml) not found
2018-05-06 20:23 WARNING  task          example-task    Aborting task (plugin: rss)
2018-05-06 21:23 CRITICAL rss           example-task    RSS Feed example-task (http://example.com/feed.xml) not found
2018-05-06 21:23 WARNING  task          example-task    Aborting task (plugin: rss)
2018-05-06 22:23 CRITICAL rss           example-task    RSS Feed example-task (http://example.com/feed.xml) not found
2018-05-06 22:23 WARNING  task          example-task    Aborting task (plugin: rss)
2018-05-06 23:23 CRITICAL rss           example-task    RSS Feed example-task (http://example.com/feed.xml) not found
2018-05-06 23:23 WARNING  task          example-task    Aborting task (plugin: rss)
2018-05-07 00:23 CRITICAL rss           example-task    RSS Feed example-task (http://example.com/feed.xml) not found
2018-05-07 00:23 WARNING  task          example-task    Aborting task (plugin: rss)
2018-05-07 01:23 CRITICAL rss           example-task    RSS Feed example-task (http://example.com/feed.xml) not found
2018-05-07 01:23 WARNING  task          example-task    Aborting task (plugin: rss)
2018-05-07 02:23 CRITICAL rss           example-task    RSS Feed example-task (http://example.com/feed.xml) not found
2018-05-07 02:23 WARNING  task          example-task    Aborting task (plugin: rss)
2018-05-07 03:23 CRITICAL rss           example-task    RSS Feed example-task (http://example.com/feed.xml) not found
2018-05-07 03:23 WARNING  task          example-task    Aborting task (plugin: rss)
2018-05-07 04:23 CRITICAL rss           example-task    RSS Feed example-task (http://example.com/feed.xml) not found
2018-05-07 04:23 WARNING  task          example-task    Aborting task (plugin: rss)
2018-05-07 05:23 CRITICAL rss           example-task    RSS Feed example-task (http://example.com/feed.xml) not found
2018-05-07 05:23 WARNING  task          example-task    Aborting task (plugin: rss)
2018-05-07 06:23 CRITICAL rss           example-task    RSS Feed example-task (http://example.com/feed.xml) not found
2018-05-07 06:23 WARNING  task          example-task    Aborting task (plugin: rss)
2018-05-07 07:23 CRITICAL rss           example-task    RSS Feed example-task (http://example.com/feed.xml) not found
2018-05-07 07:23 WARNING  task          example-task    Aborting task (plugin: rss)
2018-05-07 08:23 CRITICAL rss           example-task    RSS Feed example-task (http://example.com/feed.xml) not found
2018-05-07 08:23 WARNING  task          example-task    Aborting task (plugin: rss)
2018-05-07 09:23 CRITICAL rss           example-task    RSS Feed example-task (http://example.com/feed.xml) not found
2018-05-07 09:23 WARNING  task          example-task    Aborting task (plugin: rss)
2018-05-07 10:23 CRITICAL rss           example-task    RSS Feed example-task (http://example.com/feed.xml) not found
2018-05-07 10:23 WARNING  task          example-task    Aborting task (plugin: rss)
2018-05-07 11:23 CRITICAL rss           example-task    RSS Feed example-task (http://example.com/feed.xml) not found
2018-05-07 11:23 WARNING  task          example-task    Aborting task (plugin: rss)
2018-05-07 12:23 CRITICAL rss           example-task    RSS Feed example-task (http://example.com/feed.xml) not found
2018-05-07 12:23 WARNING  task          example-task    Aborting task (plugin: rss)
2018-05-07 13:23 CRITICAL rss           example-task    RSS Feed example-task (http://example.com/feed.xml) not found
2018-05-07 13:23 WARNING  task          example-task    Aborting task (plugin: rss)
2018-05-07 14:23 CRITICAL rss           example-task    RSS Feed example-task (http://example.com/feed.xml) not found
2018-05-07 14:23 WARNING  task          example-task    Aborting task (plugin: rss)
2018-05-07 15:23 CRITICAL rss           example-task    RSS Feed example-task (http://example.com/feed.xml) not found
2018-05-07 15:23 WARNING  task          example-task    Aborting task (plugin: rss)
2018-05-07 16:23 CRITICAL rss           example-task    RSS Feed example-task (http://example.com/feed.xml) not found
2018-05-07 16:23 WARNING  task          example-task    Aborting task (plugin: rss)
2018-05-07 17:23 CRITICAL rss           example-task    RSS Feed example-task (http://example.com/feed.xml) not found
2018-05-07 17:23 WARNING  task          example-task    Aborting task (plugin: rss)
2018-05-07 18:23 CRITICAL rss           example-task    RSS Feed example-task (http://example.com/feed.xml) not found
2018-05-07 18:23 WARNING  task          example-task    Aborting task (plugin: rss)
2018-05-07 19:23 CRITICAL rss           example-task    RSS Feed example-task (http://example.com/feed.xml) not found
2018-05-07 19:23 WARNING  task          example-task    Aborting task (plugin: rss)
2018-05-07 20:23 CRITICAL rss           example-task    RSS Feed example-task (http://example.com/feed.xml) not found
2018-05-07 20:23 WARNING  task          example-task    Aborting task (plugin: rss)
2018-05-07 21:23 CRITICAL rss           example-task    RSS Feed example-task (http://example.com/feed.xml) not found
2018-05-07 21:23 WARNING  task          example-task    Aborting task (plugin: rss)
2018-05-07 22:23 CRITICAL rss           example-task    RSS Feed example-task (http://example.com/feed.xml) not found
2018-05-07 22:23 WARNING  task          example-task    Aborting task (plugin: rss)
2018-05-07 23:23 CRITICAL rss           example-task    RSS Feed example-task (http://example.com/feed.xml) not found
2018-05-07 23:23 WARNING  task          example-task    Aborting task (plugin: rss)
2018-05-08 00:23 CRITICAL rss           example-task    RSS Feed example-task (http://example.com/feed.xml) not found
2018-05-08 00:23 WARNING  task          example-task    Aborting task (plugin: rss)
2018-05-08 01:23 CRITICAL rss           example-task    RSS Feed example-task (http://example.com/feed.xml) not found
2018-05-08 01:23 WARNING  task          example-task    Aborting task (plugin: rss)
2018-05-08 02:23 CRITICAL rss           example-task    RSS Feed example-task (http://example.com/feed.xml) not found
2018-05-08 02:23 WARNING  task          example-task    Aborting task (plugin: rss)
2018-05-08 03:23 CRITICAL rss           example-task    RSS Feed example-task (http://example.com/feed.xml) not found
2018-05-08 03:23 WARNING  task          example-task    Aborting task (plugin: rss)
2018-05-08 04:23 CRITICAL rss           example-task    RSS Feed example-task (http://example.com/feed.xml) not found
2018-05-08 04:23 WARNING  task          example-task    Aborting task (plugin: rss)
2018-05-08 05:23 CRITICAL rss           example-task    RSS Feed example-task (http://example.com/feed.xml) not found
2018-05-08 05:23 WARNING  task          example-task    Aborting task (plugin: rss)
2018-05-08 06:23 CRITICAL rss           example-task    RSS Feed example-task (http://example.com/feed.xml) not found
2018-05-08 06:23 WARNING  task          example-task    Aborting task (plugin: rss)
2018-05-08 07:23 CRITICAL rss           example-task    RSS Feed example-task (http://example.com/feed.xml) not found
2018-05-08 07:23 WARNING  task          example-task    Aborting task (plugin: rss)
2018-05-08 08:23 CRITICAL rss           example-task    RSS Feed example-task (http://example.com/feed.xml) not found
2018-05-08 08:23 WARNING  task          example-task    Aborting task (plugin: rss)
2018-05-08 09:23 CRITICAL rss           example-task    RSS Feed example-task (http://example.com/feed.xml) not found
2018-05-08 09:23 WARNING  task          example-task    Aborting task (plugin: rss)
2018-05-08 10:23 CRITICAL rss           example-task    RSS Feed example-task (http://example.com/feed.xml) not found
2018-05-08 10:23 WARNING  task          example-task    Aborting task (plugin: rss)
2018-05-08 11:23 CRITICAL rss           example-task    RSS Feed example-task (http://example.com/feed.xml) not found
2018-05-08 11:23 WARNING  task          example-task    Aborting task (plugin: rss)
2018-05-08 12:23 CRITICAL rss           example-task    RSS Feed example-task (http://example.com/feed.xml) not found
2018-05-08 12:23 WARNING  task          example-task    Aborting task (plugin: rss)
2018-05-08 13:23 CRITICAL rss           example-task    RSS Feed example-task (http://example.com/feed.xml) not found
2018-05-08 13:23 WARNING  task          example-task    Aborting task (plugin: rss)
2018-05-08 14:23 CRITICAL rss           example-task    RSS Feed example-task (http://example.com/feed.xml) not found
2018-05-08 14:23 WARNING  task          example-task    Aborting task (plugin: rss)
2018-05-08 15:23 CRITICAL rss           example-task    RSS Feed example-task (http://example.com/feed.xml) not found
2018-05-08 15:23 WARNING  task          example-task    Aborting task (plugin: rss)
2018-05-08 16:23 CRITICAL rss           example-task    RSS Feed example-task (http://example.com/feed.xml) not found
2018-05-08 16:23 WARNING  task          example-task    Aborting task (plugin: rss)
2018-05-08 17:23 CRITICAL rss           example-task    RSS Feed example-task (http://example.com/feed.xml) not found
2018-05-08 17:23 WARNING  task          example-task    Aborting task (plugin: rss)
2018-05-08 18:23 CRITICAL rss           example-task    RSS Feed example-task (http://example.com/feed.xml) not found
2018-05-08 18:23 WARNING  task          example-task    Aborting task (plugin: rss)
2018-05-08 19:23 CRITICAL rss           example-task    RSS Feed example-task (http://example.com/feed.xml) not found
2018-05-08 19:23 WARNING  task          example-task    Aborting task (plugin: rss)
2018-05-08 20:23 CRITICAL rss           example-task    RSS Feed example-task (http://example.com/feed.xml) not found
2018-05-08 20:23 WARNING  task          example-task    Aborting task (plugin: rss)
2018-05-08 21:23 CRITICAL rss           example-task    RSS Feed example-task (http://example.com/feed.xml) not found
2018-05-08 21:23 WARNING  task          example-task    Aborting task (plugin: rss)
2018-05-08 22:23 CRITICAL rss           example-task    RSS Feed example-task (http://example.com/feed.xml) not found
2018-05-08 22:23 WARNING  task          example-task    Aborting task (plugin: rss)
2018-05-08 23:23 CRITICAL rss           example-task    RSS Feed example-task (http://example.com/feed.xml) not found
2018-05-08 23:23 WARNING  task          example-task    Aborting task (plugin: rss)
2018-05-09 00:23 CRITICAL rss           example-task    RSS Feed example-task (http://example.com/feed.xml) not found
2018-05-09 00:23 WARNING  task          example-task    Aborting task (plugin: rss)
2018-05-09 01:23 CRITICAL rss           example-task    RSS Feed example-task (http://example.com/feed.xml) not found
2018-05-09 01:23 WARNING  task          example-task    Aborting task (plugin: rss)
2018-05-09 02:23 CRITICAL rss           example-task    RSS Feed example-task (http://example.com/feed.xml) not found
2018-05-09 02:23 WARNING  task          example-task    Aborting task (plugin: rss)
2018-05-09 03:23 INFO     manager       example-task    Running database cleanup.
2018-05-09 03:23 INFO     db_analyze    example-task    Running ANALYZE on database to improve performance.
2018-05-09 03:23 INFO     scheduler     example-task    No schedules defined in config. Defaulting to run all tasks on a 1 hour interval.
2018-05-09 03:23 CRITICAL rss           example-task    RSS Feed example-task (http://example.com/feed.xml) not found
2018-05-09 03:23 WARNING  task          example-task    Aborting task (plugin: rss)
2018-05-09 04:23 CRITICAL rss           example-task    RSS Feed example-task (http://example.com/feed.xml) not found
2018-05-09 04:23 WARNING  task          example-task    Aborting task (plugin: rss)
2018-05-09 05:23 CRITICAL rss           example-task    RSS Feed example-task (http://example.com/feed.xml) not found
2018-05-09 05:23 WARNING  task          example-task    Aborting task (plugin: rss)
2018-05-09 06:23 CRITICAL rss           example-task    RSS Feed example-task (http://example.com/feed.xml) not found
2018-05-09 06:23 WARNING  task          example-task    Aborting task (plugin: rss)
2018-05-09 07:23 CRITICAL rss           example-task    RSS Feed example-task (http://example.com/feed.xml) not found
2018-05-09 07:23 WARNING  task          example-task    Aborting task (plugin: rss)
2018-05-09 08:23 CRITICAL rss           example-task    RSS Feed example-task (http://example.com/feed.xml) not found
2018-05-09 08:23 WARNING  task          example-task    Aborting task (plugin: rss)
2018-05-09 09:23 CRITICAL rss           example-task    RSS Feed example-task (http://example.com/feed.xml) not found
2018-05-09 09:23 WARNING  task          example-task    Aborting task (plugin: rss)
2018-05-09 10:23 CRITICAL rss           example-task    RSS Feed example-task (http://example.com/feed.xml) not found
2018-05-09 10:23 WARNING  task          example-task    Aborting task (plugin: rss)
2018-05-09 11:23 CRITICAL rss           example-task    RSS Feed example-task (http://example.com/feed.xml) not found
2018-05-09 11:23 WARNING  task          example-task    Aborting task (plugin: rss)
2018-05-09 12:23 CRITICAL rss           example-task    RSS Feed example-task (http://example.com/feed.xml) not found
2018-05-09 12:23 WARNING  task          example-task    Aborting task (plugin: rss)
2018-05-09 13:23 CRITICAL rss           example-task    RSS Feed example-task (http://example.com/feed.xml) not found
2018-05-09 13:23 WARNING  task          example-task    Aborting task (plugin: rss)
2018-05-09 14:23 CRITICAL rss           example-task    RSS Feed example-task (http://example.com/feed.xml) not found
2018-05-09 14:23 WARNING  task          example-task    Aborting task (plugin: rss)
2018-05-09 15:23 CRITICAL rss           example-task    RSS Feed example-task (http://example.com/feed.xml) not found
2018-05-09 15:23 WARNING  task          example-task    Aborting task (plugin: rss)
2018-05-09 16:23 CRITICAL rss           example-task    RSS Feed example-task (http://example.com/feed.xml) not found
2018-05-09 16:23 WARNING  task          example-task    Aborting task (plugin: rss)
2018-05-09 17:23 CRITICAL rss           example-task    RSS Feed example-task (http://example.com/feed.xml) not found
2018-05-09 17:23 WARNING  task          example-task    Aborting task (plugin: rss)
2018-05-09 18:23 CRITICAL rss           example-task    RSS Feed example-task (http://example.com/feed.xml) not found
2018-05-09 18:23 WARNING  task          example-task    Aborting task (plugin: rss)
2018-05-09 19:23 CRITICAL rss           example-task    RSS Feed example-task (http://example.com/feed.xml) not found
2018-05-09 19:23 WARNING  task          example-task    Aborting task (plugin: rss)
2018-05-09 20:23 CRITICAL rss           example-task    RSS Feed example-task (http://example.com/feed.xml) not found
2018-05-09 20:23 WARNING  task          example-task    Aborting task (plugin: rss)
2018-05-09 21:23 CRITICAL rss           example-task    RSS Feed example-task (http://example.com/feed.xml) not found
2018-05-09 21:23 WARNING  task          example-task    Aborting task (plugin: rss)
2018-05-09 22:23 CRITICAL rss           example-task    RSS Feed example-task (http://example.com/feed.xml) not found
2018-05-09 22:23 WARNING  task          example-task    Aborting task (plugin: rss)
2018-05-09 23:23 CRITICAL rss           example-task    RSS Feed example-task (http://example.com/feed.xml) not found
2018-05-09 23:23 WARNING  task          example-task    Aborting task (plugin: rss)
2018-05-10 00:23 CRITICAL rss           example-task    RSS Feed example-task (http://example.com/feed.xml) not found
2018-05-10 00:23 WARNING  task          example-task    Aborting task (plugin: rss)
2018-05-10 01:23 CRITICAL rss           example-task    RSS Feed example-task (http://example.com/feed.xml) not found
2018-05-10 01:23 WARNING  task          example-task    Aborting task (plugin: rss)
